<?xml version="1.0" encoding="UTF-8"?>
<!-- Generated by org.testng.reporters.JUnitReportReporter -->
<testsuite hostname="LAPTOP-960NGPTF" failures="0" tests="4" name="Test.Test1" time="36.374" errors="0" timestamp="2022-11-17T11:24:50 IST" skipped="0">
  <testcase classname="Test.Test1" name="M1" time="14.849"/>
  <system-out/>
  <testcase classname="Test.Test1" name="M3" time="5.963"/>
  <system-out/>
  <testcase classname="Test.Test1" name="M2" time="4.826"/>
  <system-out/>
  <testcase classname="Test.Test1" name="M4" time="10.736"/>
  <system-out/>
</testsuite> <!-- Test.Test1 -->
