<?xml version="1.0" encoding="UTF-8"?>
<!-- Generated by org.testng.reporters.JUnitReportReporter -->
<testsuite hostname="LAPTOP-960NGPTF" failures="0" tests="4" name="Test.Test2" time="107.146" errors="0" timestamp="2022-11-17T11:24:50 IST" skipped="0">
  <testcase classname="Test.Test2" name="A3" time="14.083"/>
  <system-out/>
  <testcase classname="Test.Test2" name="A1" time="15.374"/>
  <system-out/>
  <testcase classname="Test.Test2" name="A4" time="15.176"/>
  <system-out/>
  <testcase classname="Test.Test2" name="A2" time="62.513"/>
  <system-out/>
</testsuite> <!-- Test.Test2 -->
